C:\MATLAB\R2013b\toolbox\nnet\nnguis\nntraintool.m 
  called by C:\MATLAB\R2013b\toolbox\nnet\+nnet\+train\feedback.m 
(because of toolbox compilability rules) 
C:\MATLAB\R2013b\toolbox\nnet\nnet\@network\init.m 
  called by C:\AE\Load Forecasting AU\Load\loadForecast.m 
(because of toolbox compilability rules) 
C:\MATLAB\R2013b\toolbox\nnet\nnet\@network\init.m 
  called by C:\MATLAB\R2013b\toolbox\stats\stats\@TreeBagger\TreeBagger.m 
(because of toolbox compilability rules) 
C:\MATLAB\R2013b\toolbox\nnet\nnet\@network\init.m 
  called by C:\MATLAB\R2013b\toolbox\matlab\scribe\legend.m 
(C:\MATLAB\R2013b\toolbox\compiler\depfun.opts, line 7: 
exclude if $caller in [$toolbox/matlab, $toolbox/daq] and ...
           $file in $toolbox and ...
           $file not in [$toolbox/matlab, $toolbox/shared, $toolbox/compiler] ...
           and not ($file in $toolbox/distcomp and $caller in $toolbox/matlab)) 
C:\MATLAB\R2013b\toolbox\nnet\nnet\@network\init.m 
  called by C:\MATLAB\R2013b\toolbox\nnet\nnet\nnnetwork\linearlayer.m 
(because of toolbox compilability rules) 
C:\MATLAB\R2013b\toolbox\nnet\nnet\@network\init.m 
  called by C:\MATLAB\R2013b\toolbox\nnet\nnet\nnnetwork\feedforwardnet.m 
(because of toolbox compilability rules) 
C:\MATLAB\R2013b\toolbox\nnet\nnet\@network\init.m 
  called by C:\MATLAB\R2013b\toolbox\nnet\nnet\nnnetwork\narxnet.m 
(because of toolbox compilability rules) 
C:\MATLAB\R2013b\toolbox\nnet\nnet\@network\train.m 
  called by C:\AE\Load Forecasting AU\Load\loadForecast.m 
(because of toolbox compilability rules) 
C:\MATLAB\R2013b\toolbox\nnet\nnet\@network\gensim.m 
  called by C:\AE\Load Forecasting AU\Load\loadForecast.m 
(because of toolbox compilability rules) 
C:\MATLAB\R2013b\toolbox\nnet\nnet\@network\view.m 
  called by C:\AE\Load Forecasting AU\Load\loadForecast.m 
(because of toolbox compilability rules) 
C:\MATLAB\R2013b\toolbox\nnet\nnet\@network\view.m 
  called by C:\MATLAB\R2013b\toolbox\stats\stats\@TreeBagger\TreeBagger.m 
(because of toolbox compilability rules) 
C:\MATLAB\R2013b\toolbox\nnet\nnet\@network\view.m 
  called by C:\MATLAB\R2013b\toolbox\matlab\specgraph\scatter3.m 
(C:\MATLAB\R2013b\toolbox\compiler\depfun.opts, line 7: 
exclude if $caller in [$toolbox/matlab, $toolbox/daq] and ...
           $file in $toolbox and ...
           $file not in [$toolbox/matlab, $toolbox/shared, $toolbox/compiler] ...
           and not ($file in $toolbox/distcomp and $caller in $toolbox/matlab)) 
C:\MATLAB\R2013b\toolbox\nnet\nnet\@network\view.m 
  called by C:\MATLAB\R2013b\toolbox\stats\classreg\+classreg\+learning\+classif\CompactClassificationTree.m 
(because of toolbox compilability rules) 
C:\MATLAB\R2013b\toolbox\nnet\nnet\@network\view.m 
  called by C:\MATLAB\R2013b\toolbox\stats\classreg\+classreg\+learning\+regr\CompactRegressionTree.m 
(because of toolbox compilability rules) 
C:\MATLAB\R2013b\toolbox\nnet\nnet\@network\view.m 
  called by C:\MATLAB\R2013b\toolbox\matlab\specgraph\private\scatter3HGUsingMATLABClasses.p 
(C:\MATLAB\R2013b\toolbox\compiler\depfun.opts, line 7: 
exclude if $caller in [$toolbox/matlab, $toolbox/daq] and ...
           $file in $toolbox and ...
           $file not in [$toolbox/matlab, $toolbox/shared, $toolbox/compiler] ...
           and not ($file in $toolbox/distcomp and $caller in $toolbox/matlab)) 
C:\MATLAB\R2013b\toolbox\nnet\nnet\@network\view.m 
  called by C:\MATLAB\R2013b\toolbox\matlab\graphics\resetplotview.m 
(C:\MATLAB\R2013b\toolbox\compiler\depfun.opts, line 7: 
exclude if $caller in [$toolbox/matlab, $toolbox/daq] and ...
           $file in $toolbox and ...
           $file not in [$toolbox/matlab, $toolbox/shared, $toolbox/compiler] ...
           and not ($file in $toolbox/distcomp and $caller in $toolbox/matlab)) 
C:\MATLAB\R2013b\toolbox\nnet\nnet\@network\view.m 
  called by C:\MATLAB\R2013b\toolbox\matlab\graph2d\private\v6_zoom.m 
(C:\MATLAB\R2013b\toolbox\compiler\depfun.opts, line 7: 
exclude if $caller in [$toolbox/matlab, $toolbox/daq] and ...
           $file in $toolbox and ...
           $file not in [$toolbox/matlab, $toolbox/shared, $toolbox/compiler] ...
           and not ($file in $toolbox/distcomp and $caller in $toolbox/matlab)) 
C:\MATLAB\R2013b\toolbox\nnet\nnet\@network\view.m 
  called by C:\MATLAB\R2013b\toolbox\matlab\specgraph\private\barHGUsingMATLABClasses.p 
(C:\MATLAB\R2013b\toolbox\compiler\depfun.opts, line 7: 
exclude if $caller in [$toolbox/matlab, $toolbox/daq] and ...
           $file in $toolbox and ...
           $file not in [$toolbox/matlab, $toolbox/shared, $toolbox/compiler] ...
           and not ($file in $toolbox/distcomp and $caller in $toolbox/matlab)) 
C:\MATLAB\R2013b\toolbox\nnet\nnet\@network\view.m 
  called by C:\MATLAB\R2013b\toolbox\matlab\specgraph\private\barV6.m 
(C:\MATLAB\R2013b\toolbox\compiler\depfun.opts, line 7: 
exclude if $caller in [$toolbox/matlab, $toolbox/daq] and ...
           $file in $toolbox and ...
           $file not in [$toolbox/matlab, $toolbox/shared, $toolbox/compiler] ...
           and not ($file in $toolbox/distcomp and $caller in $toolbox/matlab)) 
C:\MATLAB\R2013b\toolbox\nnet\nnet\@network\adapt.m 
  called by C:\AE\Load Forecasting AU\Load\loadForecast.m 
(because of toolbox compilability rules) 
C:\MATLAB\R2013b\toolbox\nnet\nnet\@network\adapt.m 
  called by C:\MATLAB\R2013b\toolbox\nnet\nnutils\+nntype\adaptive_fcn.m 
(because of toolbox compilability rules) 
C:\MATLAB\R2013b\toolbox\stats\classreg\+classreg\+learning\+generator\Generator.m 
  called by C:\MATLAB\R2013b\toolbox\matlab\specgraph\scatter.m 
(C:\MATLAB\R2013b\toolbox\compiler\depfun.opts, line 7: 
exclude if $caller in [$toolbox/matlab, $toolbox/daq] and ...
           $file in $toolbox and ...
           $file not in [$toolbox/matlab, $toolbox/shared, $toolbox/compiler] ...
           and not ($file in $toolbox/distcomp and $caller in $toolbox/matlab)) 
C:\MATLAB\R2013b\toolbox\nnet\nnet\nntrain\trainscg.m 
  called by C:\MATLAB\R2013b\toolbox\nnet\nnutils\+nncalc\setup1.m 
(because of toolbox compilability rules) 
C:\MATLAB\R2013b\toolbox\nnet\nnet\nnderivative\+nnGPUOp\formatData.m 
  called by C:\MATLAB\R2013b\toolbox\nnet\nnet\nnderivative\nnGPUOp.m 
(because of toolbox compilability rules) 
